Drill report for PCAL6534EV-breakout.kicad_pcb
Created on 2024-03-15T10:52:33+1100

Copper Layer Stackup:
    =============================================================
    L1 :  F.Cu                      front
    L2 :  In1.Cu                    in1
    L3 :  In2.Cu                    in2
    L4 :  In3.Cu                    in3
    L5 :  In4.Cu                    in4
    L6 :  B.Cu                      back


Drill file 'PCAL6534EV-breakout-PTH.drl' contains
    plated through holes:
    =============================================================
    T1  0.300mm  0.0118"  (27 holes)
    T2  0.600mm  0.0236"  (9 holes)
    T3  1.000mm  0.0394"  (51 holes)

    Total plated holes count 87


Drill file 'PCAL6534EV-breakout-NPTH.drl' contains
    unplated through holes:
    =============================================================

    Total unplated holes count 0
